<?xml version="1.0" encoding="UTF-8" standalone="yes"?><!DOCTYPE report PUBLIC "-//JACOCO//DTD Report 1.1//EN" "report.dtd"><report name="Wild"><sessioninfo id="DESKTOP-OIK9EG8-c21dc8c3" start="1718045023123" dump="1718045024334"/><sessioninfo id="DESKTOP-OIK9EG8-46b88386" start="1718045235210" dump="1718045236374"/><sessioninfo id="DESKTOP-OIK9EG8-9601b85b" start="1718045406255" dump="1718045407391"/><sessioninfo id="DESKTOP-OIK9EG8-592d3c3e" start="1718084643666" dump="1718084644771"/><sessioninfo id="DESKTOP-OIK9EG8-d1f6e5c" start="1718085139080" dump="1718085140222"/><sessioninfo id="DESKTOP-OIK9EG8-b2a75a64" start="1718085249244" dump="1718085250437"/><package name="com/example"><class name="com/example/Feline" sourcefilename="Feline.java"><method name="&lt;init&gt;" desc="()V" line="5"><counter type="INSTRUCTION" missed="0" covered="3"/><counter type="LINE" missed="0" covered="1"/><counter type="COMPLEXITY" missed="0" covered="1"/><counter type="METHOD" missed="0" covered="1"/></method><method name="eatMeat" desc="()Ljava/util/List;" line="9"><counter type="INSTRUCTION" missed="0" covered="4"/><counter type="LINE" missed="0" covered="1"/><counter type="COMPLEXITY" missed="0" covered="1"/><counter type="METHOD" missed="0" covered="1"/></method><method name="getFamily" desc="()Ljava/lang/String;" line="14"><counter type="INSTRUCTION" missed="0" covered="2"/><counter type="LINE" missed="0" covered="1"/><counter type="COMPLEXITY" missed="0" covered="1"/><counter type="METHOD" missed="0" covered="1"/></method><method name="getKittens" desc="()I" line="18"><counter type="INSTRUCTION" missed="0" covered="4"/><counter type="LINE" missed="0" covered="1"/><counter type="COMPLEXITY" missed="0" covered="1"/><counter type="METHOD" missed="0" covered="1"/></method><method name="getKittens" desc="(I)I" line="22"><counter type="INSTRUCTION" missed="0" covered="2"/><counter type="LINE" missed="0" covered="1"/><counter type="COMPLEXITY" missed="0" covered="1"/><counter type="METHOD" missed="0" covered="1"/></method><counter type="INSTRUCTION" missed="0" covered="15"/><counter type="LINE" missed="0" covered="5"/><counter type="COMPLEXITY" missed="0" covered="5"/><counter type="METHOD" missed="0" covered="5"/><counter type="CLASS" missed="0" covered="1"/></class><class name="com/example/Animal" sourcefilename="Animal.java"><method name="&lt;init&gt;" desc="()V" line="5"><counter type="INSTRUCTION" missed="0" covered="3"/><counter type="LINE" missed="0" covered="1"/><counter type="COMPLEXITY" missed="0" covered="1"/><counter type="METHOD" missed="0" covered="1"/></method><method name="getFood" desc="(Ljava/lang/String;)Ljava/util/List;" line="8"><counter type="INSTRUCTION" missed="4" covered="18"/><counter type="BRANCH" missed="1" covered="3"/><counter type="LINE" missed="1" covered="4"/><counter type="COMPLEXITY" missed="1" covered="2"/><counter type="METHOD" missed="0" covered="1"/></method><method name="getFamily" desc="()Ljava/lang/String;" line="18"><counter type="INSTRUCTION" missed="2" covered="0"/><counter type="LINE" missed="1" covered="0"/><counter type="COMPLEXITY" missed="1" covered="0"/><counter type="METHOD" missed="1" covered="0"/></method><counter type="INSTRUCTION" missed="6" covered="21"/><counter type="BRANCH" missed="1" covered="3"/><counter type="LINE" missed="2" covered="5"/><counter type="COMPLEXITY" missed="2" covered="3"/><counter type="METHOD" missed="1" covered="2"/><counter type="CLASS" missed="0" covered="1"/></class><class name="com/example/Lion" sourcefilename="Lion.java"><method name="&lt;init&gt;" desc="(Ljava/lang/String;Lcom/example/Feline;)V" line="9"><counter type="INSTRUCTION" missed="0" covered="29"/><counter type="BRANCH" missed="0" covered="4"/><counter type="LINE" missed="0" covered="8"/><counter type="COMPLEXITY" missed="0" covered="3"/><counter type="METHOD" missed="0" covered="1"/></method><method name="getKittens" desc="()I" line="22"><counter type="INSTRUCTION" missed="0" covered="4"/><counter type="LINE" missed="0" covered="1"/><counter type="COMPLEXITY" missed="0" covered="1"/><counter type="METHOD" missed="0" covered="1"/></method><method name="doesHaveMane" desc="()Z" line="26"><counter type="INSTRUCTION" missed="0" covered="3"/><counter type="LINE" missed="0" covered="1"/><counter type="COMPLEXITY" missed="0" covered="1"/><counter type="METHOD" missed="0" covered="1"/></method><method name="getFood" desc="()Ljava/util/List;" line="30"><counter type="INSTRUCTION" missed="0" covered="5"/><counter type="LINE" missed="0" covered="1"/><counter type="COMPLEXITY" missed="0" covered="1"/><counter type="METHOD" missed="0" covered="1"/></method><counter type="INSTRUCTION" missed="0" covered="41"/><counter type="BRANCH" missed="0" covered="4"/><counter type="LINE" missed="0" covered="11"/><counter type="COMPLEXITY" missed="0" covered="6"/><counter type="METHOD" missed="0" covered="4"/><counter type="CLASS" missed="0" covered="1"/></class><class name="com/example/Predator" sourcefilename="Predator.java"/><class name="com/example/Cat" sourcefilename="Cat.java"><method name="&lt;init&gt;" desc="(Lcom/example/Feline;)V" line="9"><counter type="INSTRUCTION" missed="0" covered="6"/><counter type="LINE" missed="0" covered="3"/><counter type="COMPLEXITY" missed="0" covered="1"/><counter type="METHOD" missed="0" covered="1"/></method><method name="getSound" desc="()Ljava/lang/String;" line="14"><counter type="INSTRUCTION" missed="0" covered="2"/><counter type="LINE" missed="0" covered="1"/><counter type="COMPLEXITY" missed="0" covered="1"/><counter type="METHOD" missed="0" covered="1"/></method><method name="getFood" desc="()Ljava/util/List;" line="18"><counter type="INSTRUCTION" missed="0" covered="4"/><counter type="LINE" missed="0" covered="1"/><counter type="COMPLEXITY" missed="0" covered="1"/><counter type="METHOD" missed="0" covered="1"/></method><counter type="INSTRUCTION" missed="0" covered="12"/><counter type="LINE" missed="0" covered="5"/><counter type="COMPLEXITY" missed="0" covered="3"/><counter type="METHOD" missed="0" covered="3"/><counter type="CLASS" missed="0" covered="1"/></class><sourcefile name="Lion.java"><line nr="9" mi="0" ci="2" mb="0" cb="0"/><line nr="10" mi="0" ci="4" mb="0" cb="2"/><line nr="11" mi="0" ci="4" mb="0" cb="0"/><line nr="12" mi="0" ci="4" mb="0" cb="2"/><line nr="13" mi="0" ci="4" mb="0" cb="0"/><line nr="15" mi="0" ci="5" mb="0" cb="0"/><line nr="17" mi="0" ci="1" mb="0" cb="0"/><line nr="19" mi="0" ci="5" mb="0" cb="0"/><line nr="22" mi="0" ci="4" mb="0" cb="0"/><line nr="26" mi="0" ci="3" mb="0" cb="0"/><line nr="30" mi="0" ci="5" mb="0" cb="0"/><counter type="INSTRUCTION" missed="0" covered="41"/><counter type="BRANCH" missed="0" covered="4"/><counter type="LINE" missed="0" covered="11"/><counter type="COMPLEXITY" missed="0" covered="6"/><counter type="METHOD" missed="0" covered="4"/><counter type="CLASS" missed="0" covered="1"/></sourcefile><sourcefile name="Predator.java"/><sourcefile name="Animal.java"><line nr="5" mi="0" ci="3" mb="0" cb="0"/><line nr="8" mi="0" ci="4" mb="1" cb="1"/><line nr="9" mi="4" ci="0" mb="0" cb="0"/><line nr="10" mi="0" ci="4" mb="0" cb="2"/><line nr="11" mi="0" ci="5" mb="0" cb="0"/><line nr="13" mi="0" ci="5" mb="0" cb="0"/><line nr="18" mi="2" ci="0" mb="0" cb="0"/><counter type="INSTRUCTION" missed="6" covered="21"/><counter type="BRANCH" missed="1" covered="3"/><counter type="LINE" missed="2" covered="5"/><counter type="COMPLEXITY" missed="2" covered="3"/><counter type="METHOD" missed="1" covered="2"/><counter type="CLASS" missed="0" covered="1"/></sourcefile><sourcefile name="Feline.java"><line nr="5" mi="0" ci="3" mb="0" cb="0"/><line nr="9" mi="0" ci="4" mb="0" cb="0"/><line nr="14" mi="0" ci="2" mb="0" cb="0"/><line nr="18" mi="0" ci="4" mb="0" cb="0"/><line nr="22" mi="0" ci="2" mb="0" cb="0"/><counter type="INSTRUCTION" missed="0" covered="15"/><counter type="LINE" missed="0" covered="5"/><counter type="COMPLEXITY" missed="0" covered="5"/><counter type="METHOD" missed="0" covered="5"/><counter type="CLASS" missed="0" covered="1"/></sourcefile><sourcefile name="Cat.java"><line nr="9" mi="0" ci="2" mb="0" cb="0"/><line nr="10" mi="0" ci="3" mb="0" cb="0"/><line nr="11" mi="0" ci="1" mb="0" cb="0"/><line nr="14" mi="0" ci="2" mb="0" cb="0"/><line nr="18" mi="0" ci="4" mb="0" cb="0"/><counter type="INSTRUCTION" missed="0" covered="12"/><counter type="LINE" missed="0" covered="5"/><counter type="COMPLEXITY" missed="0" covered="3"/><counter type="METHOD" missed="0" covered="3"/><counter type="CLASS" missed="0" covered="1"/></sourcefile><counter type="INSTRUCTION" missed="6" covered="89"/><counter type="BRANCH" missed="1" covered="7"/><counter type="LINE" missed="2" covered="26"/><counter type="COMPLEXITY" missed="2" covered="17"/><counter type="METHOD" missed="1" covered="14"/><counter type="CLASS" missed="0" covered="4"/></package><counter type="INSTRUCTION" missed="6" covered="89"/><counter type="BRANCH" missed="1" covered="7"/><counter type="LINE" missed="2" covered="26"/><counter type="COMPLEXITY" missed="2" covered="17"/><counter type="METHOD" missed="1" covered="14"/><counter type="CLASS" missed="0" covered="4"/></report>